2026-02-10 10:21:08,856 - DEBUG: https://raw.githubusercontent.com/ryurko/nflscrapR-data/refs/heads/master/play_by_play_data/regular_season/reg_pbp_2009.csv finished extracting
2026-02-10 10:25:04,322 - DEBUG: https://raw.githubusercontent.com/ryurko/nflscrapR-data/refs/heads/master/play_by_play_data/regular_season/reg_pbp_2009.csv finished extracting
2026-02-10 10:26:41,496 - DEBUG: https://raw.githubusercontent.com/ryurko/nflscrapR-data/refs/heads/master/play_by_play_data/regular_season/reg_pbp_2009.csv finished extracting
2026-02-10 10:43:09,203 - DEBUG: https://raw.githubusercontent.com/ryurko/nflscrapR-data/refs/heads/master/play_by_play_data/regular_season/reg_pbp_2009.csv finished extracting
2026-02-10 10:43:28,858 - DEBUG: https://raw.githubusercontent.com/ryurko/nflscrapR-data/refs/heads/master/play_by_play_data/regular_season/reg_pbp_2009.csv finished extracting
2026-02-10 11:03:25,675 - DEBUG: https://raw.githubusercontent.com/ryurko/nflscrapR-data/refs/heads/master/play_by_play_data/regular_season/reg_pbp_2009.csv finished extracting
2026-02-10 11:14:47,995 - DEBUG: https://raw.githubusercontent.com/ryurko/nflscrapR-data/refs/heads/master/play_by_play_data/regular_season/reg_pbp_2009.csv finished extracting
2026-02-10 11:18:29,386 - DEBUG: https://raw.githubusercontent.com/ryurko/nflscrapR-data/refs/heads/master/play_by_play_data/regular_season/reg_pbp_2009.csv finished extracting
2026-02-10 11:28:22,682 - INFO: Database engine created successfully.
2026-02-10 11:28:35,677 - DEBUG: https://raw.githubusercontent.com/ryurko/nflscrapR-data/refs/heads/master/play_by_play_data/regular_season/reg_pbp_2009.csv finished extracting
2026-02-10 11:29:41,520 - INFO: Database engine created successfully.
2026-02-10 11:29:54,814 - DEBUG: https://raw.githubusercontent.com/ryurko/nflscrapR-data/refs/heads/master/play_by_play_data/regular_season/reg_pbp_2009.csv finished extracting
2026-02-10 11:29:57,791 - INFO: SELECT DATABASE()
2026-02-10 11:29:57,791 - INFO: [raw sql] {}
2026-02-10 11:29:57,793 - INFO: SELECT @@sql_mode
2026-02-10 11:29:57,793 - INFO: [raw sql] {}
2026-02-10 11:29:57,793 - INFO: SELECT @@lower_case_table_names
2026-02-10 11:29:57,793 - INFO: [raw sql] {}
2026-02-10 11:29:57,794 - INFO: BEGIN (implicit)
2026-02-10 11:29:57,794 - INFO: CREATE TABLE IF NOT EXISTS Team_Stats (team_id BIGSERIAL PRIMARY KEY, posteam TEXT, pass_yards BIGINT, rush_yards BIGINT, pass_attempts BIGINT, rush_attempts BIGINT, pass_touchdowns BIGINT, rush_touchdowns BIGINT);
2026-02-10 11:29:57,794 - INFO: [generated in 0.00009s] {}
2026-02-10 11:29:57,795 - INFO: ROLLBACK
2026-02-10 11:29:57,795 - ERROR: Failed to create table 'Team_Stats': (pymysql.err.ProgrammingError) (1064, "You have an error in your SQL syntax; check the manual that corresponds to your MySQL server version for the right syntax to use near 'BIGSERIAL PRIMARY KEY, posteam TEXT, pass_yards BIGINT, rush_yards BIGINT, pass_' at line 1")
[SQL: CREATE TABLE IF NOT EXISTS Team_Stats (team_id BIGSERIAL PRIMARY KEY, posteam TEXT, pass_yards BIGINT, rush_yards BIGINT, pass_attempts BIGINT, rush_attempts BIGINT, pass_touchdowns BIGINT, rush_touchdowns BIGINT);]
(Background on this error at: https://sqlalche.me/e/20/f405)
2026-02-10 11:30:37,336 - INFO: Database engine created successfully.
2026-02-10 11:30:56,817 - DEBUG: https://raw.githubusercontent.com/ryurko/nflscrapR-data/refs/heads/master/play_by_play_data/regular_season/reg_pbp_2009.csv finished extracting
2026-02-10 11:30:59,207 - INFO: SELECT DATABASE()
2026-02-10 11:30:59,207 - INFO: [raw sql] {}
2026-02-10 11:30:59,207 - INFO: SELECT @@sql_mode
2026-02-10 11:30:59,207 - INFO: [raw sql] {}
2026-02-10 11:30:59,208 - INFO: SELECT @@lower_case_table_names
2026-02-10 11:30:59,208 - INFO: [raw sql] {}
2026-02-10 11:30:59,208 - INFO: BEGIN (implicit)
2026-02-10 11:30:59,208 - INFO: CREATE TABLE IF NOT EXISTS Team_Stats (team_id BIGINT AUTO_INCREMENT PRIMARY KEY, posteam TEXT, pass_yards BIGINT, rush_yards BIGINT, pass_attempts BIGINT, rush_attempts BIGINT, pass_touchdowns BIGINT, rush_touchdowns BIGINT);
2026-02-10 11:30:59,208 - INFO: [generated in 0.00006s] {}
2026-02-10 11:30:59,238 - INFO: COMMIT
2026-02-10 11:30:59,238 - INFO: Table 'Team_Stats' created successfully.
2026-02-10 11:37:13,861 - INFO: Database engine created successfully.
2026-02-10 11:37:30,424 - DEBUG: https://raw.githubusercontent.com/ryurko/nflscrapR-data/refs/heads/master/play_by_play_data/regular_season/reg_pbp_2009.csv finished extracting
2026-02-10 11:37:33,282 - INFO: SELECT DATABASE()
2026-02-10 11:37:33,282 - INFO: [raw sql] {}
2026-02-10 11:37:33,282 - INFO: SELECT @@sql_mode
2026-02-10 11:37:33,282 - INFO: [raw sql] {}
2026-02-10 11:37:33,283 - INFO: SELECT @@lower_case_table_names
2026-02-10 11:37:33,283 - INFO: [raw sql] {}
2026-02-10 11:37:33,283 - INFO: BEGIN (implicit)
2026-02-10 11:37:33,284 - INFO: CREATE TABLE IF NOT EXISTS Team_Stats (team_id BIGINT AUTO_INCREMENT PRIMARY KEY, posteam TEXT, pass_yards BIGINT, rush_yards BIGINT, pass_attempts BIGINT, rush_attempts BIGINT, pass_touchdowns BIGINT, rush_touchdowns BIGINT);
2026-02-10 11:37:33,284 - INFO: [generated in 0.00009s] {}
2026-02-10 11:37:33,285 - INFO: COMMIT
2026-02-10 11:37:33,286 - INFO: Table 'Team_Stats' created successfully.
2026-02-10 11:37:33,305 - INFO: BEGIN (implicit)
2026-02-10 11:37:33,306 - INFO: DESCRIBE `datapipelinemysql8`.`Team_Stats`
2026-02-10 11:37:33,306 - INFO: [raw sql] {}
2026-02-10 11:37:33,311 - INFO: INSERT INTO `Team_Stats` (posteam, pass_yards, rush_yards, pass_attempts, rush_attempts, pass_touchdowns, rush_touchdowns) VALUES (%(posteam_m0)s, %(pass_yards_m0)s, %(rush_yards_m0)s, %(pass_attempts_m0)s, %(rush_attempts_m0)s, %(pass_touchdowns_m0)s, %(rush_touchdowns_m0)s), (%(posteam_m1)s, %(pass_yards_m1)s, %(rush_yards_m1)s, %(pass_attempts_m1)s, %(rush_attempts_m1)s, %(pass_touchdowns_m1)s, %(rush_touchdowns_m1)s), (%(posteam_m2)s, %(pass_yards_m2)s, %(rush_yards_m2)s, %(pass_attempts_m2)s, %(rush_attempts_m2)s, %(pass_touchdowns_m2)s, %(rush_touchdowns_m2)s), (%(posteam_m3)s, %(pass_yards_m3)s, %(rush_yards_m3)s, %(pass_attempts_m3)s, %(rush_attempts_m3)s, %(pass_touchdowns_m3)s, %(rush_touchdowns_m3)s), (%(posteam_m4)s, %(pass_yards_m4)s, %(rush_yards_m4)s, %(pass_attempts_m4)s, %(rush_attempts_m4)s, %(pass_touchdowns_m4)s, %(rush_touchdowns_m4)s), (%(posteam_m5)s, %(pass_yards_m5)s, %(rush_yards_m5)s, %(pass_attempts_m5)s, %(rush_attempts_m5)s, %(pass_touchdowns_m5)s, %(rush_touchdowns_m5)s), (%(posteam_m6)s, %(pass_yards_m6)s, %(rush_yards_m6)s, %(pass_attempts_m6)s, %(rush_attempts_m6)s, %(pass_touchdowns_m6)s, %(rush_touchdowns_m6)s), (%(posteam_m7)s, %(pass_yards_m7)s, %(rush_yards_m7)s, %(pass_attempts_m7)s, %(rush_attempts_m7)s, %(pass_touchdowns_m7)s, %(rush_touchdowns_m7)s), (%(posteam_m8)s, %(pass_yards_m8)s, %(rush_yards_m8)s, %(pass_attempts_m8)s, %(rush_attempts_m8)s, %(pass_touchdowns_m8)s, %(rush_touchdowns_m8)s), (%(posteam_m9)s, %(pass_yards_m9)s, %(rush_yards_m9)s, %(pass_attempts_m9)s, %(rush_attempts_m9)s, %(pass_touchdowns_m9)s, %(rush_touchdowns_m9)s), (%(posteam_m10)s, %(pass_yards_m10)s, %(rush_yards_m10)s, %(pass_attempts_m10)s, %(rush_attempts_m10)s, %(pass_touchdowns_m10)s, %(rush_touchdowns_m10)s), (%(posteam_m11)s, %(pass_yards_m11)s, %(rush_yards_m11)s, %(pass_attempts_m11)s, %(rush_attempts_m11)s, %(pass_touchdowns_m11)s, %(rush_touchdowns_m11)s), (%(posteam_m12)s, %(pass_yards_m12)s, %(rush_yards_m12)s, %(pass_attempts_m12)s, %(rush_attempts_m12)s, %(pass_touchdowns_m12)s, %(rush_touchdowns_m12)s), (%(posteam_m13)s, %(pass_yards_m13)s, %(rush_yards_m13)s, %(pass_attempts_m13)s, %(rush_attempts_m13)s, %(pass_touchdowns_m13)s, %(rush_touchdowns_m13)s), (%(posteam_m14)s, %(pass_yards_m14)s, %(rush_yards_m14)s, %(pass_attempts_m14)s, %(rush_attempts_m14)s, %(pass_touchdowns_m14)s, %(rush_touchdowns_m14)s), (%(posteam_m15)s, %(pass_yards_m15)s, %(rush_yards_m15)s, %(pass_attempts_m15)s, %(rush_attempts_m15)s, %(pass_touchdowns_m15)s, %(rush_touchdowns_m15)s), (%(posteam_m16)s, %(pass_yards_m16)s, %(rush_yards_m16)s, %(pass_attempts_m16)s, %(rush_attempts_m16)s, %(pass_touchdowns_m16)s, %(rush_touchdowns_m16)s), (%(posteam_m17)s, %(pass_yards_m17)s, %(rush_yards_m17)s, %(pass_attempts_m17)s, %(rush_attempts_m17)s, %(pass_touchdowns_m17)s, %(rush_touchdowns_m17)s), (%(posteam_m18)s, %(pass_yards_m18)s, %(rush_yards_m18)s, %(pass_attempts_m18)s, %(rush_attempts_m18)s, %(pass_touchdowns_m18)s, %(rush_touchdowns_m18)s), (%(posteam_m19)s, %(pass_yards_m19)s, %(rush_yards_m19)s, %(pass_attempts_m19)s, %(rush_attempts_m19)s, %(pass_touchdowns_m19)s, %(rush_touchdowns_m19)s), (%(posteam_m20)s, %(pass_yards_m20)s, %(rush_yards_m20)s, %(pass_attempts_m20)s, %(rush_attempts_m20)s, %(pass_touchdowns_m20)s, %(rush_touchdowns_m20)s), (%(posteam_m21)s, %(pass_yards_m21)s, %(rush_yards_m21)s, %(pass_attempts_m21)s, %(rush_attempts_m21)s, %(pass_touchdowns_m21)s, %(rush_touchdowns_m21)s), (%(posteam_m22)s, %(pass_yards_m22)s, %(rush_yards_m22)s, %(pass_attempts_m22)s, %(rush_attempts_m22)s, %(pass_touchdowns_m22)s, %(rush_touchdowns_m22)s), (%(posteam_m23)s, %(pass_yards_m23)s, %(rush_yards_m23)s, %(pass_attempts_m23)s, %(rush_attempts_m23)s, %(pass_touchdowns_m23)s, %(rush_touchdowns_m23)s), (%(posteam_m24)s, %(pass_yards_m24)s, %(rush_yards_m24)s, %(pass_attempts_m24)s, %(rush_attempts_m24)s, %(pass_touchdowns_m24)s, %(rush_touchdowns_m24)s), (%(posteam_m25)s, %(pass_yards_m25)s, %(rush_yards_m25)s, %(pass_attempts_m25)s, %(rush_attempts_m25)s, %(pass_touchdowns_m25)s, %(rush_touchdowns_m25)s), (%(posteam_m26)s, %(pass_yards_m26)s, %(rush_yards_m26)s, %(pass_attempts_m26)s, %(rush_attempts_m26)s, %(pass_touchdowns_m26)s, %(rush_touchdowns_m26)s), (%(posteam_m27)s, %(pass_yards_m27)s, %(rush_yards_m27)s, %(pass_attempts_m27)s, %(rush_attempts_m27)s, %(pass_touchdowns_m27)s, %(rush_touchdowns_m27)s), (%(posteam_m28)s, %(pass_yards_m28)s, %(rush_yards_m28)s, %(pass_attempts_m28)s, %(rush_attempts_m28)s, %(pass_touchdowns_m28)s, %(rush_touchdowns_m28)s), (%(posteam_m29)s, %(pass_yards_m29)s, %(rush_yards_m29)s, %(pass_attempts_m29)s, %(rush_attempts_m29)s, %(pass_touchdowns_m29)s, %(rush_touchdowns_m29)s), (%(posteam_m30)s, %(pass_yards_m30)s, %(rush_yards_m30)s, %(pass_attempts_m30)s, %(rush_attempts_m30)s, %(pass_touchdowns_m30)s, %(rush_touchdowns_m30)s), (%(posteam_m31)s, %(pass_yards_m31)s, %(rush_yards_m31)s, %(pass_attempts_m31)s, %(rush_attempts_m31)s, %(pass_touchdowns_m31)s, %(rush_touchdowns_m31)s)
2026-02-10 11:37:33,312 - INFO: [no key 0.00069s] {'posteam_m0': 'ARI', 'pass_yards_m0': 4021, 'rush_yards_m0': 1506, 'pass_attempts_m0': 614, 'rush_attempts_m0': 345, 'pass_touchdowns_m0': 28, 'rush_touchdowns_m0': 15, 'posteam_m1': 'ATL', 'pass_yards_m1': 3571, 'rush_yards_m1': 1891, 'pass_attempts_m1': 589, 'rush_attempts_m1': 436, 'pass_touchdowns_m1': 26, 'rush_touchdowns_m1': 15, 'posteam_m2': 'BAL', 'pass_yards_m2': 3413, 'rush_yards_m2': 2214, 'pass_attempts_m2': 541, 'rush_attempts_m2': 460, 'pass_touchdowns_m2': 21, 'rush_touchdowns_m2': 22, 'posteam_m3': 'BUF', 'pass_yards_m3': 2515, 'rush_yards_m3': 1875, 'pass_attempts_m3': 485, 'rush_attempts_m3': 417, 'pass_touchdowns_m3': 17, 'rush_touchdowns_m3': 6, 'posteam_m4': 'CAR', 'pass_yards_m4': 2801, 'rush_yards_m4': 2514, 'pass_attempts_m4': 495, 'rush_attempts_m4': 512, 'pass_touchdowns_m4': 16, 'rush_touchdowns_m4': 18, 'posteam_m5': 'CHI', 'pass_yards_m5': 3478, 'rush_yards_m5': 1500, 'pass_attempts_m5': 590, 'rush_attempts_m5': 365, 'pass_touchdowns_m5': 27, 'rush_touchdowns_m5': 6, 'posteam_m6': 'CIN', 'pass_yards_m6': 2892, 'rush_yards_m6': 2069, 'pass_attempts_m6': 501, 'rush_attempts_m6': 495, 'pass_touchdowns_m6': 21, 'rush_touchdowns_m6': 9, 'posteam_m7': 'CLE' ... 124 parameters truncated ... 'rush_touchdowns_m24': 10, 'posteam_m25': 'SD', 'pass_yards_m25': 4338, 'rush_yards_m25': 1435, 'pass_attempts_m25': 542, 'rush_attempts_m25': 415, 'pass_touchdowns_m25': 29, 'rush_touchdowns_m25': 17, 'posteam_m26': 'SEA', 'pass_yards_m26': 3503, 'rush_yards_m26': 1573, 'pass_attempts_m26': 649, 'rush_attempts_m26': 389, 'pass_touchdowns_m26': 20, 'rush_touchdowns_m26': 7, 'posteam_m27': 'SF', 'pass_yards_m27': 3052, 'rush_yards_m27': 1612, 'pass_attempts_m27': 563, 'rush_attempts_m27': 359, 'pass_touchdowns_m27': 23, 'rush_touchdowns_m27': 12, 'posteam_m28': 'STL', 'pass_yards_m28': 2678, 'rush_yards_m28': 1796, 'pass_attempts_m28': 582, 'rush_attempts_m28': 410, 'pass_touchdowns_m28': 12, 'rush_touchdowns_m28': 4, 'posteam_m29': 'TB', 'pass_yards_m29': 2977, 'rush_yards_m29': 1634, 'pass_attempts_m29': 554, 'rush_attempts_m29': 400, 'pass_touchdowns_m29': 18, 'rush_touchdowns_m29': 5, 'posteam_m30': 'TEN', 'pass_yards_m30': 3031, 'rush_yards_m30': 2605, 'pass_attempts_m30': 488, 'rush_attempts_m30': 490, 'pass_touchdowns_m30': 16, 'rush_touchdowns_m30': 19, 'posteam_m31': 'WAS', 'pass_yards_m31': 3499, 'rush_yards_m31': 1520, 'pass_attempts_m31': 572, 'rush_attempts_m31': 384, 'pass_touchdowns_m31': 21, 'rush_touchdowns_m31': 8}
2026-02-10 11:37:33,315 - INFO: SHOW FULL TABLES FROM `datapipelinemysql8`
2026-02-10 11:37:33,315 - INFO: [raw sql] {}
2026-02-10 11:37:33,316 - INFO: COMMIT
2026-02-10 11:37:33,317 - INFO: Inserted 32 rows into 'Team_Stats' successfully.
